{"C:\\Development\\validator\\src\\IsValidDataDecorator.ts": {"path":"C:\\Development\\validator\\src\\IsValidDataDecorator.ts","statementMap":{"0":{"start":{"line":1,"column":0},"end":{"line":1,"column":56}},"1":{"start":{"line":8,"column":2},"end":{"line":8,"column":65}},"2":{"start":{"line":3,"column":0},"end":{"line":3,"column":16}},"3":{"start":{"line":16,"column":23},"end":{"line":16,"column":39}},"4":{"start":{"line":17,"column":2},"end":{"line":24,"column":4}},"5":{"start":{"line":17,"column":31},"end":{"line":17,"column":45}},"6":{"start":{"line":18,"column":19},"end":{"line":18,"column":73}},"7":{"start":{"line":19,"column":4},"end":{"line":21,"column":null}},"8":{"start":{"line":20,"column":6},"end":{"line":20,"column":46}},"9":{"start":{"line":22,"column":17},"end":{"line":22,"column":49}},"10":{"start":{"line":23,"column":4},"end":{"line":23,"column":18}},"11":{"start":{"line":11,"column":0},"end":{"line":11,"column":16}},"12":{"start":{"line":27,"column":0},"end":{"line":27,"column":null}},"13":{"start":{"line":31,"column":9},"end":{"line":48,"column":null}},"14":{"start":{"line":37,"column":6},"end":{"line":37,"column":42}},"15":{"start":{"line":38,"column":4},"end":{"line":41,"column":null}},"16":{"start":{"line":39,"column":6},"end":{"line":39,"column":27}},"17":{"start":{"line":40,"column":6},"end":{"line":40,"column":53}},"18":{"start":{"line":42,"column":45},"end":{"line":42,"column":69}},"19":{"start":{"line":43,"column":4},"end":{"line":46,"column":null}},"20":{"start":{"line":44,"column":6},"end":{"line":44,"column":24}},"21":{"start":{"line":45,"column":6},"end":{"line":45,"column":45}},"22":{"start":{"line":47,"column":4},"end":{"line":47,"column":34}},"23":{"start":{"line":50,"column":9},"end":{"line":72,"column":null}},"24":{"start":{"line":56,"column":6},"end":{"line":56,"column":42}},"25":{"start":{"line":57,"column":4},"end":{"line":59,"column":null}},"26":{"start":{"line":58,"column":6},"end":{"line":58,"column":18}},"27":{"start":{"line":60,"column":45},"end":{"line":60,"column":77}},"28":{"start":{"line":61,"column":4},"end":{"line":63,"column":null}},"29":{"start":{"line":62,"column":6},"end":{"line":62,"column":18}},"30":{"start":{"line":64,"column":29},"end":{"line":64,"column":34}},"31":{"start":{"line":65,"column":4},"end":{"line":70,"column":null}},"32":{"start":{"line":66,"column":24},"end":{"line":66,"column":47}},"33":{"start":{"line":67,"column":6},"end":{"line":67,"column":44}},"34":{"start":{"line":68,"column":21},"end":{"line":68,"column":49}},"35":{"start":{"line":69,"column":6},"end":{"line":69,"column":58}},"36":{"start":{"line":69,"column":44},"end":{"line":69,"column":58}},"37":{"start":{"line":71,"column":4},"end":{"line":71,"column":22}},"38":{"start":{"line":28,"column":17},"end":{"line":29,"column":14}},"39":{"start":{"line":73,"column":0},"end":{"line":73,"column":null}}},"fnMap":{"0":{"name":"isValidData","decl":{"start":{"line":3,"column":16},"end":{"line":3,"column":27}},"loc":{"start":{"line":6,"column":24},"end":{"line":9,"column":1}}},"1":{"name":"validate","decl":{"start":{"line":11,"column":16},"end":{"line":11,"column":24}},"loc":{"start":{"line":14,"column":32},"end":{"line":25,"column":1}}},"2":{"name":"(anonymous_2)","decl":{"start":{"line":17,"column":21},"end":{"line":17,"column":31}},"loc":{"start":{"line":17,"column":21},"end":{"line":24,"column":3}}},"3":{"name":"(anonymous_3)","decl":{"start":{"line":27,"column":0},"end":{"line":27,"column":null}},"loc":{"start":{"line":27,"column":0},"end":{"line":27,"column":null}}},"4":{"name":"(anonymous_5)","decl":{"start":{"line":31,"column":2},"end":{"line":31,"column":9}},"loc":{"start":{"line":34,"column":22},"end":{"line":48,"column":3}}},"5":{"name":"(anonymous_6)","decl":{"start":{"line":50,"column":2},"end":{"line":50,"column":9}},"loc":{"start":{"line":53,"column":22},"end":{"line":72,"column":3}}}},"branchMap":{"0":{"loc":{"start":{"line":19,"column":4},"end":{"line":21,"column":null}},"type":"if","locations":[{"start":{"line":19,"column":4},"end":{"line":21,"column":null}}]},"1":{"loc":{"start":{"line":38,"column":4},"end":{"line":41,"column":null}},"type":"if","locations":[{"start":{"line":38,"column":4},"end":{"line":41,"column":null}}]},"2":{"loc":{"start":{"line":43,"column":4},"end":{"line":46,"column":null}},"type":"if","locations":[{"start":{"line":43,"column":4},"end":{"line":46,"column":null}}]},"3":{"loc":{"start":{"line":57,"column":4},"end":{"line":59,"column":null}},"type":"if","locations":[{"start":{"line":57,"column":4},"end":{"line":59,"column":null}}]},"4":{"loc":{"start":{"line":61,"column":4},"end":{"line":63,"column":null}},"type":"if","locations":[{"start":{"line":61,"column":4},"end":{"line":63,"column":null}}]},"5":{"loc":{"start":{"line":65,"column":4},"end":{"line":70,"column":null}},"type":"if","locations":[{"start":{"line":65,"column":4},"end":{"line":70,"column":null}}]},"6":{"loc":{"start":{"line":65,"column":8},"end":{"line":65,"column":24}},"type":"cond-expr","locations":[{"start":{"line":65,"column":19},"end":{"line":65,"column":22}},{"start":{"line":65,"column":8},"end":{"line":65,"column":24}}]},"7":{"loc":{"start":{"line":65,"column":8},"end":{"line":65,"column":22}},"type":"binary-expr","locations":[{"start":{"line":65,"column":8},"end":{"line":65,"column":22}},{"start":{"line":65,"column":8},"end":{"line":65,"column":22}}]},"8":{"loc":{"start":{"line":69,"column":6},"end":{"line":69,"column":58}},"type":"if","locations":[{"start":{"line":69,"column":6},"end":{"line":69,"column":58}}]}},"s":{"0":1,"1":0,"2":1,"3":0,"4":0,"5":0,"6":0,"7":0,"8":0,"9":0,"10":0,"11":1,"12":1,"13":1,"14":0,"15":0,"16":0,"17":0,"18":0,"19":0,"20":0,"21":0,"22":0,"23":1,"24":0,"25":0,"26":0,"27":0,"28":0,"29":0,"30":0,"31":0,"32":0,"33":0,"34":0,"35":0,"36":0,"37":0,"38":1,"39":1},"f":{"0":0,"1":0,"2":0,"3":1,"4":0,"5":0},"b":{"0":[0],"1":[0],"2":[0],"3":[0],"4":[0],"5":[0],"6":[0,0],"7":[0,0],"8":[0]}}
,"C:\\Development\\validator\\src\\OnramperValidator.ts": {"path":"C:\\Development\\validator\\src\\OnramperValidator.ts","statementMap":{"0":{"start":{"line":1,"column":0},"end":{"line":1,"column":32}},"1":{"start":{"line":2,"column":0},"end":{"line":2,"column":37}},"2":{"start":{"line":4,"column":0},"end":{"line":4,"column":null}},"3":{"start":{"line":5,"column":2},"end":{"line":5,"column":null}},"4":{"start":{"line":6,"column":2},"end":{"line":6,"column":null}},"5":{"start":{"line":7,"column":2},"end":{"line":7,"column":null}},"6":{"start":{"line":10,"column":0},"end":{"line":10,"column":null}},"7":{"start":{"line":11,"column":2},"end":{"line":11,"column":null}},"8":{"start":{"line":12,"column":2},"end":{"line":12,"column":null}},"9":{"start":{"line":13,"column":2},"end":{"line":13,"column":null}},"10":{"start":{"line":27,"column":0},"end":{"line":27,"column":13}},"11":{"start":{"line":37,"column":4},"end":{"line":37,"column":21}},"12":{"start":{"line":38,"column":4},"end":{"line":38,"column":28}},"13":{"start":{"line":39,"column":4},"end":{"line":39,"column":23}},"14":{"start":{"line":40,"column":4},"end":{"line":40,"column":28}},"15":{"start":{"line":41,"column":4},"end":{"line":41,"column":40}},"16":{"start":{"line":42,"column":4},"end":{"line":42,"column":31}},"17":{"start":{"line":43,"column":4},"end":{"line":43,"column":45}},"18":{"start":{"line":43,"column":37},"end":{"line":43,"column":45}},"19":{"start":{"line":46,"column":2},"end":{"line":48,"column":null}},"20":{"start":{"line":47,"column":4},"end":{"line":47,"column":30}},"21":{"start":{"line":50,"column":2},"end":{"line":53,"column":null}},"22":{"start":{"line":51,"column":4},"end":{"line":51,"column":21}},"23":{"start":{"line":52,"column":4},"end":{"line":52,"column":28}},"24":{"start":{"line":55,"column":2},"end":{"line":57,"column":null}},"25":{"start":{"line":56,"column":4},"end":{"line":56,"column":30}},"26":{"start":{"line":59,"column":2},"end":{"line":63,"column":null}},"27":{"start":{"line":60,"column":4},"end":{"line":62,"column":null}},"28":{"start":{"line":61,"column":6},"end":{"line":61,"column":37}},"29":{"start":{"line":65,"column":2},"end":{"line":70,"column":null}},"30":{"start":{"line":66,"column":18},"end":{"line":66,"column":51}},"31":{"start":{"line":67,"column":4},"end":{"line":69,"column":null}},"32":{"start":{"line":68,"column":6},"end":{"line":68,"column":42}},"33":{"start":{"line":72,"column":2},"end":{"line":74,"column":null}},"34":{"start":{"line":73,"column":4},"end":{"line":73,"column":31}},"35":{"start":{"line":76,"column":2},"end":{"line":83,"column":null}},"36":{"start":{"line":77,"column":4},"end":{"line":81,"column":null}},"37":{"start":{"line":78,"column":6},"end":{"line":80,"column":null}},"38":{"start":{"line":79,"column":8},"end":{"line":79,"column":21}},"39":{"start":{"line":82,"column":4},"end":{"line":82,"column":16}},"40":{"start":{"line":85,"column":2},"end":{"line":91,"column":null}},"41":{"start":{"line":86,"column":4},"end":{"line":90,"column":6}},"42":{"start":{"line":93,"column":2},"end":{"line":114,"column":null}},"43":{"start":{"line":94,"column":18},"end":{"line":96,"column":26}},"44":{"start":{"line":98,"column":4},"end":{"line":98,"column":30}},"45":{"start":{"line":101,"column":4},"end":{"line":111,"column":null}},"46":{"start":{"line":105,"column":6},"end":{"line":107,"column":8}},"47":{"start":{"line":108,"column":6},"end":{"line":108,"column":33}},"48":{"start":{"line":110,"column":6},"end":{"line":110,"column":13}},"49":{"start":{"line":112,"column":4},"end":{"line":113,"column":21}},"50":{"start":{"line":113,"column":6},"end":{"line":113,"column":21}},"51":{"start":{"line":116,"column":2},"end":{"line":136,"column":null}},"52":{"start":{"line":117,"column":18},"end":{"line":119,"column":26}},"53":{"start":{"line":121,"column":4},"end":{"line":135,"column":null}},"54":{"start":{"line":121,"column":31},"end":{"line":121,"column":37}},"55":{"start":{"line":121,"column":31},"end":{"line":121,"column":51}},"56":{"start":{"line":121,"column":15},"end":{"line":121,"column":16}},"57":{"start":{"line":121,"column":19},"end":{"line":121,"column":21}},"58":{"start":{"line":121,"column":26},"end":{"line":121,"column":27}},"59":{"start":{"line":122,"column":26},"end":{"line":122,"column":63}},"60":{"start":{"line":123,"column":17},"end":{"line":123,"column":18}},"61":{"start":{"line":125,"column":6},"end":{"line":134,"column":null}},"62":{"start":{"line":127,"column":10},"end":{"line":129,"column":12}},"63":{"start":{"line":130,"column":10},"end":{"line":130,"column":44}},"64":{"start":{"line":131,"column":10},"end":{"line":131,"column":16}},"65":{"start":{"line":133,"column":10},"end":{"line":133,"column":16}},"66":{"start":{"line":138,"column":10},"end":{"line":144,"column":null}},"67":{"start":{"line":139,"column":4},"end":{"line":142,"column":43}},"68":{"start":{"line":140,"column":6},"end":{"line":142,"column":43}},"69":{"start":{"line":141,"column":8},"end":{"line":141,"column":38}},"70":{"start":{"line":142,"column":11},"end":{"line":142,"column":43}},"71":{"start":{"line":143,"column":4},"end":{"line":143,"column":42}},"72":{"start":{"line":145,"column":0},"end":{"line":145,"column":null}},"73":{"start":{"line":27,"column":13},"end":{"line":27,"column":30}}},"fnMap":{"0":{"name":"(anonymous_8)","decl":{"start":{"line":4,"column":0},"end":{"line":4,"column":12}},"loc":{"start":{"line":4,"column":19},"end":{"line":8,"column":1}}},"1":{"name":"(anonymous_9)","decl":{"start":{"line":10,"column":0},"end":{"line":10,"column":12}},"loc":{"start":{"line":10,"column":28},"end":{"line":14,"column":1}}},"2":{"name":"(anonymous_10)","decl":{"start":{"line":27,"column":0},"end":{"line":27,"column":13}},"loc":{"start":{"line":27,"column":0},"end":{"line":145,"column":null}}},"3":{"name":"OnramperValidator","decl":{"start":{"line":36,"column":2},"end":{"line":36,"column":14}},"loc":{"start":{"line":36,"column":27},"end":{"line":44,"column":3}}},"4":{"name":"(anonymous_12)","decl":{"start":{"line":43,"column":19},"end":{"line":43,"column":20}},"loc":{"start":{"line":43,"column":32},"end":{"line":43,"column":44}}},"5":{"name":"(anonymous_13)","decl":{"start":{"line":46,"column":2},"end":{"line":46,"column":18}},"loc":{"start":{"line":46,"column":2},"end":{"line":48,"column":3}}},"6":{"name":"(anonymous_14)","decl":{"start":{"line":50,"column":2},"end":{"line":50,"column":13}},"loc":{"start":{"line":50,"column":2},"end":{"line":53,"column":3}}},"7":{"name":"(anonymous_15)","decl":{"start":{"line":55,"column":2},"end":{"line":55,"column":14}},"loc":{"start":{"line":55,"column":2},"end":{"line":57,"column":3}}},"8":{"name":"(anonymous_16)","decl":{"start":{"line":59,"column":2},"end":{"line":59,"column":16}},"loc":{"start":{"line":59,"column":30},"end":{"line":63,"column":3}}},"9":{"name":"(anonymous_17)","decl":{"start":{"line":65,"column":2},"end":{"line":65,"column":16}},"loc":{"start":{"line":65,"column":30},"end":{"line":70,"column":3}}},"10":{"name":"(anonymous_18)","decl":{"start":{"line":72,"column":2},"end":{"line":72,"column":14}},"loc":{"start":{"line":72,"column":2},"end":{"line":74,"column":3}}},"11":{"name":"(anonymous_19)","decl":{"start":{"line":76,"column":2},"end":{"line":76,"column":10}},"loc":{"start":{"line":76,"column":2},"end":{"line":83,"column":3}}},"12":{"name":"(anonymous_20)","decl":{"start":{"line":85,"column":2},"end":{"line":85,"column":12}},"loc":{"start":{"line":85,"column":26},"end":{"line":91,"column":3}}},"13":{"name":"(anonymous_21)","decl":{"start":{"line":93,"column":2},"end":{"line":93,"column":9}},"loc":{"start":{"line":93,"column":56},"end":{"line":114,"column":3}}},"14":{"name":"(anonymous_22)","decl":{"start":{"line":116,"column":2},"end":{"line":116,"column":13}},"loc":{"start":{"line":116,"column":42},"end":{"line":136,"column":3}}},"15":{"name":"(anonymous_23)","decl":{"start":{"line":138,"column":2},"end":{"line":138,"column":10}},"loc":{"start":{"line":138,"column":66},"end":{"line":144,"column":3}}}},"branchMap":{"0":{"loc":{"start":{"line":4,"column":12},"end":{"line":4,"column":null}},"type":"binary-expr","locations":[{"start":{"line":4,"column":12},"end":{"line":4,"column":19}},{"start":{"line":4,"column":12},"end":{"line":4,"column":null}}]},"1":{"loc":{"start":{"line":10,"column":12},"end":{"line":10,"column":null}},"type":"binary-expr","locations":[{"start":{"line":10,"column":12},"end":{"line":10,"column":28}},{"start":{"line":10,"column":12},"end":{"line":10,"column":null}}]},"2":{"loc":{"start":{"line":41,"column":21},"end":{"line":41,"column":39}},"type":"cond-expr","locations":[{"start":{"line":41,"column":28},"end":{"line":41,"column":30}},{"start":{"line":41,"column":21},"end":{"line":41,"column":39}}]},"3":{"loc":{"start":{"line":41,"column":21},"end":{"line":41,"column":30}},"type":"binary-expr","locations":[{"start":{"line":41,"column":21},"end":{"line":41,"column":30}},{"start":{"line":41,"column":21},"end":{"line":41,"column":30}}]},"4":{"loc":{"start":{"line":60,"column":4},"end":{"line":62,"column":null}},"type":"if","locations":[{"start":{"line":60,"column":4},"end":{"line":62,"column":null}}]},"5":{"loc":{"start":{"line":67,"column":4},"end":{"line":69,"column":null}},"type":"if","locations":[{"start":{"line":67,"column":4},"end":{"line":69,"column":null}}]},"6":{"loc":{"start":{"line":78,"column":6},"end":{"line":80,"column":null}},"type":"if","locations":[{"start":{"line":78,"column":6},"end":{"line":80,"column":null}}]},"7":{"loc":{"start":{"line":87,"column":6},"end":{"line":89,"column":33}},"type":"binary-expr","locations":[{"start":{"line":87,"column":6},"end":{"line":87,"column":40}},{"start":{"line":88,"column":6},"end":{"line":88,"column":39}},{"start":{"line":89,"column":6},"end":{"line":89,"column":33}}]},"8":{"loc":{"start":{"line":94,"column":18},"end":{"line":96,"column":26}},"type":"cond-expr","locations":[{"start":{"line":95,"column":7},"end":{"line":95,"column":null}},{"start":{"line":96,"column":8},"end":{"line":96,"column":26}}]},"9":{"loc":{"start":{"line":101,"column":4},"end":{"line":111,"column":null}},"type":"if","locations":[{"start":{"line":101,"column":4},"end":{"line":111,"column":null}},{"start":{"line":109,"column":11},"end":{"line":111,"column":null}}]},"10":{"loc":{"start":{"line":102,"column":6},"end":{"line":103,"column":79}},"type":"binary-expr","locations":[{"start":{"line":102,"column":6},"end":{"line":102,"column":11}},{"start":{"line":103,"column":6},"end":{"line":103,"column":79}}]},"11":{"loc":{"start":{"line":112,"column":4},"end":{"line":113,"column":21}},"type":"if","locations":[{"start":{"line":112,"column":4},"end":{"line":113,"column":21}}]},"12":{"loc":{"start":{"line":112,"column":8},"end":{"line":112,"column":64}},"type":"binary-expr","locations":[{"start":{"line":112,"column":8},"end":{"line":112,"column":26}},{"start":{"line":112,"column":30},"end":{"line":112,"column":64}}]},"13":{"loc":{"start":{"line":117,"column":18},"end":{"line":119,"column":26}},"type":"cond-expr","locations":[{"start":{"line":118,"column":7},"end":{"line":118,"column":null}},{"start":{"line":119,"column":8},"end":{"line":119,"column":26}}]},"14":{"loc":{"start":{"line":125,"column":6},"end":{"line":134,"column":null}},"type":"switch","locations":[{"start":{"line":126,"column":8},"end":{"line":131,"column":16}},{"start":{"line":132,"column":8},"end":{"line":133,"column":16}}]},"15":{"loc":{"start":{"line":128,"column":39},"end":{"line":128,"column":59}},"type":"cond-expr","locations":[{"start":{"line":128,"column":44},"end":{"line":128,"column":47}},{"start":{"line":128,"column":39},"end":{"line":128,"column":59}}]},"16":{"loc":{"start":{"line":128,"column":39},"end":{"line":128,"column":47}},"type":"binary-expr","locations":[{"start":{"line":128,"column":39},"end":{"line":128,"column":47}},{"start":{"line":128,"column":39},"end":{"line":128,"column":47}}]},"17":{"loc":{"start":{"line":139,"column":4},"end":{"line":142,"column":43}},"type":"if","locations":[{"start":{"line":139,"column":4},"end":{"line":142,"column":43}}]},"18":{"loc":{"start":{"line":139,"column":8},"end":{"line":139,"column":36}},"type":"cond-expr","locations":[{"start":{"line":139,"column":13},"end":{"line":139,"column":15}},{"start":{"line":139,"column":8},"end":{"line":139,"column":36}}]},"19":{"loc":{"start":{"line":139,"column":8},"end":{"line":139,"column":15}},"type":"binary-expr","locations":[{"start":{"line":139,"column":8},"end":{"line":139,"column":15}},{"start":{"line":139,"column":8},"end":{"line":139,"column":15}}]},"20":{"loc":{"start":{"line":140,"column":6},"end":{"line":142,"column":43}},"type":"if","locations":[{"start":{"line":140,"column":6},"end":{"line":142,"column":43}},{"start":{"line":142,"column":11},"end":{"line":142,"column":43}}]},"21":{"loc":{"start":{"line":140,"column":10},"end":{"line":140,"column":75}},"type":"binary-expr","locations":[{"start":{"line":140,"column":10},"end":{"line":140,"column":38}},{"start":{"line":140,"column":42},"end":{"line":140,"column":75}}]}},"s":{"0":1,"1":1,"2":1,"3":1,"4":1,"5":1,"6":1,"7":1,"8":1,"9":1,"10":1,"11":1,"12":1,"13":1,"14":1,"15":1,"16":1,"17":1,"18":2,"19":1,"20":0,"21":1,"22":0,"23":0,"24":1,"25":0,"26":1,"27":0,"28":0,"29":1,"30":0,"31":0,"32":0,"33":1,"34":0,"35":1,"36":0,"37":0,"38":0,"39":0,"40":1,"41":0,"42":1,"43":1,"44":1,"45":1,"46":0,"47":0,"48":1,"49":0,"50":0,"51":1,"52":1,"53":1,"54":1,"55":1,"56":9,"57":9,"58":9,"59":9,"60":9,"61":9,"62":2,"63":2,"64":2,"65":7,"66":1,"67":10,"68":8,"69":6,"70":2,"71":2,"72":1,"73":1},"f":{"0":1,"1":1,"2":1,"3":1,"4":2,"5":0,"6":0,"7":0,"8":0,"9":0,"10":0,"11":0,"12":0,"13":1,"14":1,"15":10},"b":{"0":[1,1],"1":[1,1],"2":[1,0],"3":[1,1],"4":[0],"5":[0],"6":[0],"7":[0,0,0],"8":[0,1],"9":[0,1],"10":[1,1],"11":[0],"12":[0,0],"13":[0,1],"14":[2,7],"15":[0,2],"16":[2,2],"17":[8],"18":[0,10],"19":[10,10],"20":[6,2],"21":[8,8]}}
,"C:\\Development\\validator\\src\\helpers.ts": {"path":"C:\\Development\\validator\\src\\helpers.ts","statementMap":{"0":{"start":{"line":1,"column":0},"end":{"line":1,"column":54}},"1":{"start":{"line":4,"column":2},"end":{"line":4,"column":49}},"2":{"start":{"line":3,"column":0},"end":{"line":3,"column":16}},"3":{"start":{"line":8,"column":2},"end":{"line":12,"column":4}},"4":{"start":{"line":7,"column":0},"end":{"line":7,"column":16}},"5":{"start":{"line":16,"column":2},"end":{"line":19,"column":19}},"6":{"start":{"line":15,"column":0},"end":{"line":15,"column":16}},"7":{"start":{"line":23,"column":2},"end":{"line":23,"column":65}},"8":{"start":{"line":22,"column":0},"end":{"line":22,"column":16}},"9":{"start":{"line":27,"column":52},"end":{"line":27,"column":69}},"10":{"start":{"line":27,"column":17},"end":{"line":27,"column":19}},"11":{"start":{"line":27,"column":26},"end":{"line":27,"column":28}},"12":{"start":{"line":27,"column":28},"end":{"line":27,"column":39}},"13":{"start":{"line":27,"column":39},"end":{"line":27,"column":52}},"14":{"start":{"line":28,"column":2},"end":{"line":29,"column":64}},"15":{"start":{"line":29,"column":4},"end":{"line":29,"column":64}},"16":{"start":{"line":30,"column":2},"end":{"line":30,"column":15}},"17":{"start":{"line":26,"column":0},"end":{"line":26,"column":16}},"18":{"start":{"line":34,"column":22},"end":{"line":34,"column":68}},"19":{"start":{"line":35,"column":2},"end":{"line":35,"column":38}},"20":{"start":{"line":35,"column":26},"end":{"line":35,"column":38}},"21":{"start":{"line":36,"column":2},"end":{"line":36,"column":15}},"22":{"start":{"line":33,"column":0},"end":{"line":33,"column":16}}},"fnMap":{"0":{"name":"testRegex","decl":{"start":{"line":3,"column":16},"end":{"line":3,"column":25}},"loc":{"start":{"line":3,"column":48},"end":{"line":5,"column":1}}},"1":{"name":"isBlank","decl":{"start":{"line":7,"column":16},"end":{"line":7,"column":23}},"loc":{"start":{"line":7,"column":37},"end":{"line":13,"column":1}}},"2":{"name":"humanizeFieldName","decl":{"start":{"line":15,"column":16},"end":{"line":15,"column":33}},"loc":{"start":{"line":15,"column":47},"end":{"line":20,"column":1}}},"3":{"name":"modifyMessage","decl":{"start":{"line":22,"column":16},"end":{"line":22,"column":29}},"loc":{"start":{"line":22,"column":60},"end":{"line":24,"column":1}}},"4":{"name":"validateWalletAddress","decl":{"start":{"line":26,"column":16},"end":{"line":26,"column":37}},"loc":{"start":{"line":26,"column":51},"end":{"line":31,"column":1}}},"5":{"name":"isPastYear","decl":{"start":{"line":33,"column":16},"end":{"line":33,"column":26}},"loc":{"start":{"line":33,"column":39},"end":{"line":37,"column":1}}}},"branchMap":{"0":{"loc":{"start":{"line":4,"column":9},"end":{"line":4,"column":39}},"type":"cond-expr","locations":[{"start":{"line":4,"column":14},"end":{"line":4,"column":16}},{"start":{"line":4,"column":9},"end":{"line":4,"column":39}}]},"1":{"loc":{"start":{"line":4,"column":9},"end":{"line":4,"column":16}},"type":"binary-expr","locations":[{"start":{"line":4,"column":9},"end":{"line":4,"column":16}},{"start":{"line":4,"column":9},"end":{"line":4,"column":16}}]},"2":{"loc":{"start":{"line":9,"column":4},"end":{"line":11,"column":31}},"type":"binary-expr","locations":[{"start":{"line":9,"column":4},"end":{"line":9,"column":32}},{"start":{"line":10,"column":4},"end":{"line":10,"column":18}},{"start":{"line":11,"column":4},"end":{"line":11,"column":31}}]},"3":{"loc":{"start":{"line":27,"column":52},"end":{"line":27,"column":69}},"type":"cond-expr","locations":[{"start":{"line":27,"column":57},"end":{"line":27,"column":59}},{"start":{"line":27,"column":52},"end":{"line":27,"column":69}}]},"4":{"loc":{"start":{"line":27,"column":52},"end":{"line":27,"column":59}},"type":"binary-expr","locations":[{"start":{"line":27,"column":52},"end":{"line":27,"column":59}},{"start":{"line":27,"column":52},"end":{"line":27,"column":59}}]},"5":{"loc":{"start":{"line":27,"column":39},"end":{"line":27,"column":52}},"type":"cond-expr","locations":[{"start":{"line":27,"column":42},"end":{"line":27,"column":48}},{"start":{"line":27,"column":48},"end":{"line":27,"column":52}}]},"6":{"loc":{"start":{"line":28,"column":2},"end":{"line":29,"column":64}},"type":"if","locations":[{"start":{"line":28,"column":2},"end":{"line":29,"column":64}}]},"7":{"loc":{"start":{"line":28,"column":6},"end":{"line":28,"column":25}},"type":"binary-expr","locations":[{"start":{"line":28,"column":6},"end":{"line":28,"column":14}},{"start":{"line":28,"column":18},"end":{"line":28,"column":25}}]},"8":{"loc":{"start":{"line":35,"column":2},"end":{"line":35,"column":38}},"type":"if","locations":[{"start":{"line":35,"column":2},"end":{"line":35,"column":38}}]}},"s":{"0":2,"1":15,"2":2,"3":8,"4":2,"5":2,"6":2,"7":2,"8":2,"9":3,"10":3,"11":3,"12":3,"13":3,"14":3,"15":2,"16":1,"17":2,"18":0,"19":0,"20":0,"21":0,"22":2},"f":{"0":15,"1":8,"2":2,"3":2,"4":3,"5":0},"b":{"0":[0,15],"1":[15,15],"2":[8,8,8],"3":[0,3],"4":[3,3],"5":[2,1],"6":[2],"7":[3,3],"8":[0]}}
,"C:\\Development\\validator\\src\\index.ts": {"path":"C:\\Development\\validator\\src\\index.ts","statementMap":{"0":{"start":{"line":1,"column":0},"end":{"line":1,"column":36}},"1":{"start":{"line":2,"column":0},"end":{"line":2,"column":39}}},"fnMap":{},"branchMap":{},"s":{"0":1,"1":1},"f":{},"b":{}}
,"C:\\Development\\validator\\src\\rules\\default.rules.ts": {"path":"C:\\Development\\validator\\src\\rules\\default.rules.ts","statementMap":{"0":{"start":{"line":1,"column":0},"end":{"line":1,"column":38}},"1":{"start":{"line":3,"column":13},"end":{"line":80,"column":null}},"2":{"start":{"line":6,"column":30},"end":{"line":6,"column":null}},"3":{"start":{"line":10,"column":30},"end":{"line":10,"column":null}},"4":{"start":{"line":14,"column":30},"end":{"line":14,"column":null}},"5":{"start":{"line":18,"column":30},"end":{"line":18,"column":null}},"6":{"start":{"line":22,"column":30},"end":{"line":22,"column":null}},"7":{"start":{"line":26,"column":30},"end":{"line":26,"column":null}},"8":{"start":{"line":30,"column":30},"end":{"line":30,"column":null}},"9":{"start":{"line":34,"column":30},"end":{"line":34,"column":null}},"10":{"start":{"line":38,"column":30},"end":{"line":38,"column":null}},"11":{"start":{"line":42,"column":30},"end":{"line":42,"column":null}},"12":{"start":{"line":46,"column":30},"end":{"line":46,"column":null}},"13":{"start":{"line":50,"column":30},"end":{"line":50,"column":null}},"14":{"start":{"line":54,"column":30},"end":{"line":54,"column":null}},"15":{"start":{"line":58,"column":30},"end":{"line":58,"column":null}},"16":{"start":{"line":63,"column":8},"end":{"line":63,"column":null}},"17":{"start":{"line":68,"column":8},"end":{"line":68,"column":null}},"18":{"start":{"line":73,"column":8},"end":{"line":73,"column":null}},"19":{"start":{"line":78,"column":8},"end":{"line":78,"column":null}}},"fnMap":{"0":{"name":"(anonymous_6)","decl":{"start":{"line":6,"column":16},"end":{"line":6,"column":17}},"loc":{"start":{"line":6,"column":25},"end":{"line":6,"column":31}}},"1":{"name":"(anonymous_7)","decl":{"start":{"line":10,"column":16},"end":{"line":10,"column":17}},"loc":{"start":{"line":10,"column":25},"end":{"line":10,"column":37}}},"2":{"name":"(anonymous_8)","decl":{"start":{"line":14,"column":16},"end":{"line":14,"column":17}},"loc":{"start":{"line":14,"column":25},"end":{"line":14,"column":31}}},"3":{"name":"(anonymous_9)","decl":{"start":{"line":18,"column":16},"end":{"line":18,"column":17}},"loc":{"start":{"line":18,"column":25},"end":{"line":18,"column":37}}},"4":{"name":"(anonymous_10)","decl":{"start":{"line":22,"column":16},"end":{"line":22,"column":17}},"loc":{"start":{"line":22,"column":25},"end":{"line":22,"column":37}}},"5":{"name":"(anonymous_11)","decl":{"start":{"line":26,"column":16},"end":{"line":26,"column":17}},"loc":{"start":{"line":26,"column":25},"end":{"line":26,"column":37}}},"6":{"name":"(anonymous_12)","decl":{"start":{"line":30,"column":16},"end":{"line":30,"column":17}},"loc":{"start":{"line":30,"column":25},"end":{"line":30,"column":37}}},"7":{"name":"(anonymous_13)","decl":{"start":{"line":34,"column":16},"end":{"line":34,"column":17}},"loc":{"start":{"line":34,"column":25},"end":{"line":34,"column":37}}},"8":{"name":"(anonymous_14)","decl":{"start":{"line":38,"column":16},"end":{"line":38,"column":17}},"loc":{"start":{"line":38,"column":25},"end":{"line":38,"column":37}}},"9":{"name":"(anonymous_15)","decl":{"start":{"line":42,"column":16},"end":{"line":42,"column":17}},"loc":{"start":{"line":42,"column":25},"end":{"line":42,"column":37}}},"10":{"name":"(anonymous_16)","decl":{"start":{"line":46,"column":16},"end":{"line":46,"column":17}},"loc":{"start":{"line":46,"column":25},"end":{"line":46,"column":37}}},"11":{"name":"(anonymous_17)","decl":{"start":{"line":50,"column":16},"end":{"line":50,"column":17}},"loc":{"start":{"line":50,"column":25},"end":{"line":50,"column":37}}},"12":{"name":"(anonymous_18)","decl":{"start":{"line":54,"column":16},"end":{"line":54,"column":17}},"loc":{"start":{"line":54,"column":25},"end":{"line":54,"column":37}}},"13":{"name":"(anonymous_19)","decl":{"start":{"line":58,"column":16},"end":{"line":58,"column":17}},"loc":{"start":{"line":58,"column":25},"end":{"line":58,"column":37}}},"14":{"name":"(anonymous_20)","decl":{"start":{"line":62,"column":16},"end":{"line":62,"column":17}},"loc":{"start":{"line":62,"column":25},"end":{"line":63,"column":15}}},"15":{"name":"(anonymous_21)","decl":{"start":{"line":67,"column":16},"end":{"line":67,"column":17}},"loc":{"start":{"line":67,"column":25},"end":{"line":68,"column":15}}},"16":{"name":"(anonymous_22)","decl":{"start":{"line":72,"column":16},"end":{"line":72,"column":17}},"loc":{"start":{"line":72,"column":25},"end":{"line":73,"column":15}}},"17":{"name":"(anonymous_23)","decl":{"start":{"line":77,"column":16},"end":{"line":77,"column":17}},"loc":{"start":{"line":77,"column":25},"end":{"line":78,"column":15}}}},"branchMap":{"0":{"loc":{"start":{"line":58,"column":30},"end":{"line":58,"column":181}},"type":"binary-expr","locations":[{"start":{"line":58,"column":30},"end":{"line":58,"column":134}},{"start":{"line":58,"column":138},"end":{"line":58,"column":181}}]},"1":{"loc":{"start":{"line":73,"column":8},"end":{"line":73,"column":73}},"type":"binary-expr","locations":[{"start":{"line":73,"column":8},"end":{"line":73,"column":45}},{"start":{"line":73,"column":49},"end":{"line":73,"column":73}}]}},"s":{"0":1,"1":1,"2":0,"3":1,"4":0,"5":2,"6":1,"7":0,"8":0,"9":0,"10":1,"11":0,"12":0,"13":0,"14":0,"15":0,"16":1,"17":1,"18":1,"19":0},"f":{"0":0,"1":1,"2":0,"3":2,"4":1,"5":0,"6":0,"7":0,"8":1,"9":0,"10":0,"11":0,"12":0,"13":0,"14":1,"15":1,"16":1,"17":0},"b":{"0":[0,0],"1":[1,0]}}
,"C:\\Development\\validator\\src\\rules\\index.ts": {"path":"C:\\Development\\validator\\src\\rules\\index.ts","statementMap":{"0":{"start":{"line":2,"column":0},"end":{"line":2,"column":47}},"1":{"start":{"line":3,"column":0},"end":{"line":3,"column":47}},"2":{"start":{"line":4,"column":0},"end":{"line":4,"column":41}},"3":{"start":{"line":6,"column":13},"end":{"line":10,"column":2}}},"fnMap":{},"branchMap":{},"s":{"0":1,"1":1,"2":1,"3":1},"f":{},"b":{}}
,"C:\\Development\\validator\\src\\rules\\moonpay.rules.ts": {"path":"C:\\Development\\validator\\src\\rules\\moonpay.rules.ts","statementMap":{"0":{"start":{"line":1,"column":0},"end":{"line":1,"column":38}},"1":{"start":{"line":3,"column":13},"end":{"line":12,"column":null}},"2":{"start":{"line":6,"column":30},"end":{"line":6,"column":null}},"3":{"start":{"line":10,"column":30},"end":{"line":10,"column":null}}},"fnMap":{"0":{"name":"(anonymous_6)","decl":{"start":{"line":6,"column":16},"end":{"line":6,"column":17}},"loc":{"start":{"line":6,"column":25},"end":{"line":6,"column":31}}},"1":{"name":"(anonymous_7)","decl":{"start":{"line":10,"column":16},"end":{"line":10,"column":17}},"loc":{"start":{"line":10,"column":25},"end":{"line":10,"column":37}}}},"branchMap":{},"s":{"0":1,"1":1,"2":0,"3":0},"f":{"0":0,"1":0},"b":{}}
,"C:\\Development\\validator\\src\\rules\\wyre.rules.ts": {"path":"C:\\Development\\validator\\src\\rules\\wyre.rules.ts","statementMap":{"0":{"start":{"line":1,"column":0},"end":{"line":1,"column":38}},"1":{"start":{"line":3,"column":13},"end":{"line":8,"column":null}},"2":{"start":{"line":6,"column":30},"end":{"line":6,"column":null}}},"fnMap":{"0":{"name":"(anonymous_6)","decl":{"start":{"line":6,"column":16},"end":{"line":6,"column":17}},"loc":{"start":{"line":6,"column":25},"end":{"line":6,"column":31}}}},"branchMap":{},"s":{"0":1,"1":1,"2":0},"f":{"0":0},"b":{}}
}
