TN:
SF:src\IsValidDataDecorator.ts
FN:3,isValidData
FN:11,validate
FN:17,(anonymous_2)
FN:27,(anonymous_3)
FN:31,(anonymous_5)
FN:50,(anonymous_6)
FNF:6
FNH:1
FNDA:0,isValidData
FNDA:0,validate
FNDA:0,(anonymous_2)
FNDA:1,(anonymous_3)
FNDA:0,(anonymous_5)
FNDA:0,(anonymous_6)
DA:1,1
DA:3,1
DA:8,0
DA:11,1
DA:16,0
DA:17,0
DA:18,0
DA:19,0
DA:20,0
DA:22,0
DA:23,0
DA:27,1
DA:28,1
DA:31,1
DA:37,0
DA:38,0
DA:39,0
DA:40,0
DA:42,0
DA:43,0
DA:44,0
DA:45,0
DA:47,0
DA:50,1
DA:56,0
DA:57,0
DA:58,0
DA:60,0
DA:61,0
DA:62,0
DA:64,0
DA:65,0
DA:66,0
DA:67,0
DA:68,0
DA:69,0
DA:71,0
DA:73,1
LF:38
LH:8
BRDA:19,0,0,0
BRDA:38,1,0,0
BRDA:43,2,0,0
BRDA:57,3,0,0
BRDA:61,4,0,0
BRDA:65,5,0,0
BRDA:65,6,0,0
BRDA:65,6,1,0
BRDA:65,7,0,0
BRDA:65,7,1,0
BRDA:69,8,0,0
BRF:11
BRH:0
end_of_record
TN:
SF:src\OnramperValidator.ts
FN:4,(anonymous_8)
FN:10,(anonymous_9)
FN:27,(anonymous_10)
FN:36,OnramperValidator
FN:43,(anonymous_12)
FN:46,(anonymous_13)
FN:50,(anonymous_14)
FN:55,(anonymous_15)
FN:59,(anonymous_16)
FN:65,(anonymous_17)
FN:72,(anonymous_18)
FN:76,(anonymous_19)
FN:85,(anonymous_20)
FN:93,(anonymous_21)
FN:116,(anonymous_22)
FN:138,(anonymous_23)
FNF:16
FNH:8
FNDA:1,(anonymous_8)
FNDA:1,(anonymous_9)
FNDA:1,(anonymous_10)
FNDA:1,OnramperValidator
FNDA:2,(anonymous_12)
FNDA:0,(anonymous_13)
FNDA:0,(anonymous_14)
FNDA:0,(anonymous_15)
FNDA:0,(anonymous_16)
FNDA:0,(anonymous_17)
FNDA:0,(anonymous_18)
FNDA:0,(anonymous_19)
FNDA:0,(anonymous_20)
FNDA:1,(anonymous_21)
FNDA:1,(anonymous_22)
FNDA:10,(anonymous_23)
DA:1,1
DA:2,1
DA:4,1
DA:5,1
DA:6,1
DA:7,1
DA:10,1
DA:11,1
DA:12,1
DA:13,1
DA:27,1
DA:37,1
DA:38,1
DA:39,1
DA:40,1
DA:41,1
DA:42,1
DA:43,2
DA:46,1
DA:47,0
DA:50,1
DA:51,0
DA:52,0
DA:55,1
DA:56,0
DA:59,1
DA:60,0
DA:61,0
DA:65,1
DA:66,0
DA:67,0
DA:68,0
DA:72,1
DA:73,0
DA:76,1
DA:77,0
DA:78,0
DA:79,0
DA:82,0
DA:85,1
DA:86,0
DA:93,1
DA:94,1
DA:98,1
DA:101,1
DA:105,0
DA:108,0
DA:110,1
DA:112,0
DA:113,0
DA:116,1
DA:117,1
DA:121,9
DA:122,9
DA:123,9
DA:125,9
DA:127,2
DA:130,2
DA:131,2
DA:133,7
DA:138,1
DA:139,10
DA:140,8
DA:141,6
DA:142,2
DA:143,2
DA:145,1
LF:67
LH:48
BRDA:4,0,0,1
BRDA:4,0,1,1
BRDA:10,1,0,1
BRDA:10,1,1,1
BRDA:41,2,0,1
BRDA:41,2,1,0
BRDA:41,3,0,1
BRDA:41,3,1,1
BRDA:60,4,0,0
BRDA:67,5,0,0
BRDA:78,6,0,0
BRDA:87,7,0,0
BRDA:87,7,1,0
BRDA:87,7,2,0
BRDA:94,8,0,0
BRDA:94,8,1,1
BRDA:101,9,0,0
BRDA:101,9,1,1
BRDA:102,10,0,1
BRDA:102,10,1,1
BRDA:112,11,0,0
BRDA:112,12,0,0
BRDA:112,12,1,0
BRDA:117,13,0,0
BRDA:117,13,1,1
BRDA:125,14,0,2
BRDA:125,14,1,7
BRDA:128,15,0,0
BRDA:128,15,1,2
BRDA:128,16,0,2
BRDA:128,16,1,2
BRDA:139,17,0,8
BRDA:139,18,0,0
BRDA:139,18,1,10
BRDA:139,19,0,10
BRDA:139,19,1,10
BRDA:140,20,0,6
BRDA:140,20,1,2
BRDA:140,21,0,8
BRDA:140,21,1,8
BRF:40
BRH:25
end_of_record
TN:
SF:src\helpers.ts
FN:3,testRegex
FN:7,isBlank
FN:15,humanizeFieldName
FN:22,modifyMessage
FN:26,validateWalletAddress
FN:33,isPastYear
FNF:6
FNH:5
FNDA:15,testRegex
FNDA:8,isBlank
FNDA:2,humanizeFieldName
FNDA:2,modifyMessage
FNDA:3,validateWalletAddress
FNDA:0,isPastYear
DA:1,2
DA:3,2
DA:4,15
DA:7,2
DA:8,8
DA:15,2
DA:16,2
DA:22,2
DA:23,2
DA:26,2
DA:27,3
DA:28,3
DA:29,2
DA:30,1
DA:33,2
DA:34,0
DA:35,0
DA:36,0
LF:18
LH:15
BRDA:4,0,0,0
BRDA:4,0,1,15
BRDA:4,1,0,15
BRDA:4,1,1,15
BRDA:9,2,0,8
BRDA:9,2,1,8
BRDA:9,2,2,8
BRDA:27,3,0,0
BRDA:27,3,1,3
BRDA:27,4,0,3
BRDA:27,4,1,3
BRDA:27,5,0,2
BRDA:27,5,1,1
BRDA:28,6,0,2
BRDA:28,7,0,3
BRDA:28,7,1,3
BRDA:35,8,0,0
BRF:17
BRH:14
end_of_record
TN:
SF:src\index.ts
FNF:0
FNH:0
DA:1,1
DA:2,1
LF:2
LH:2
BRF:0
BRH:0
end_of_record
TN:
SF:src\rules\default.rules.ts
FN:6,(anonymous_6)
FN:10,(anonymous_7)
FN:14,(anonymous_8)
FN:18,(anonymous_9)
FN:22,(anonymous_10)
FN:26,(anonymous_11)
FN:30,(anonymous_12)
FN:34,(anonymous_13)
FN:38,(anonymous_14)
FN:42,(anonymous_15)
FN:46,(anonymous_16)
FN:50,(anonymous_17)
FN:54,(anonymous_18)
FN:58,(anonymous_19)
FN:62,(anonymous_20)
FN:67,(anonymous_21)
FN:72,(anonymous_22)
FN:77,(anonymous_23)
FNF:18
FNH:7
FNDA:0,(anonymous_6)
FNDA:1,(anonymous_7)
FNDA:0,(anonymous_8)
FNDA:2,(anonymous_9)
FNDA:1,(anonymous_10)
FNDA:0,(anonymous_11)
FNDA:0,(anonymous_12)
FNDA:0,(anonymous_13)
FNDA:1,(anonymous_14)
FNDA:0,(anonymous_15)
FNDA:0,(anonymous_16)
FNDA:0,(anonymous_17)
FNDA:0,(anonymous_18)
FNDA:0,(anonymous_19)
FNDA:1,(anonymous_20)
FNDA:1,(anonymous_21)
FNDA:1,(anonymous_22)
FNDA:0,(anonymous_23)
DA:1,1
DA:3,1
DA:6,0
DA:10,1
DA:14,0
DA:18,2
DA:22,1
DA:26,0
DA:30,0
DA:34,0
DA:38,1
DA:42,0
DA:46,0
DA:50,0
DA:54,0
DA:58,0
DA:63,1
DA:68,1
DA:73,1
DA:78,0
LF:20
LH:9
BRDA:58,0,0,0
BRDA:58,0,1,0
BRDA:73,1,0,1
BRDA:73,1,1,0
BRF:4
BRH:1
end_of_record
TN:
SF:src\rules\index.ts
FNF:0
FNH:0
DA:2,1
DA:3,1
DA:4,1
DA:6,1
LF:4
LH:4
BRF:0
BRH:0
end_of_record
TN:
SF:src\rules\moonpay.rules.ts
FN:6,(anonymous_6)
FN:10,(anonymous_7)
FNF:2
FNH:0
FNDA:0,(anonymous_6)
FNDA:0,(anonymous_7)
DA:1,1
DA:3,1
DA:6,0
DA:10,0
LF:4
LH:2
BRF:0
BRH:0
end_of_record
TN:
SF:src\rules\wyre.rules.ts
FN:6,(anonymous_6)
FNF:1
FNH:0
FNDA:0,(anonymous_6)
DA:1,1
DA:3,1
DA:6,0
LF:3
LH:2
BRF:0
BRH:0
end_of_record
